<?xml version="1.0" encoding="UTF-8"?>
<TestRun id="54ae1935-8588-40f2-bf74-65a9bda5b356" name="nsavani@CI0700000003526 2019-07-18 16:15:16" runUser="RIMNET\nsavani" xmlns="http://microsoft.com/schemas/VisualStudio/TeamTest/2010">
  <TestSettings name="Default Test Settings" id="970fac38-d0c8-4004-bfeb-f5003af79283">
    <Execution>
      <TestTypeSpecific />
      <AgentRule name="Execution Agents">
      </AgentRule>
    </Execution>
    <Deployment runDeploymentRoot="nsavani_CI0700000003526 2019-07-18 16_15_16" />
    <Properties />
  </TestSettings>
  <Times creation="2019-07-18T16:15:16.9520667-04:00" queuing="2019-07-18T16:15:17.7150339-04:00" start="2019-07-18T16:15:17.8416971-04:00" finish="2019-07-18T16:15:18.5418369-04:00" />
  <ResultSummary outcome="Warning">
    <Counters total="4" executed="4" passed="4" error="0" failed="0" timeout="0" aborted="0" inconclusive="0" passedButRunAborted="0" notRunnable="0" notExecuted="0" disconnected="0" warning="0" completed="0" inProgress="0" pending="0" />
    <RunInfos>
      <RunInfo computerName="CI0700000003526" outcome="Warning" timestamp="2019-07-18T16:15:17.5594484-04:00">
        <Text>Warning: Test Run deployment issue: The assembly or module 'WebGrease' directly or indirectly referenced by the test container 'C:\Nilam\SudokuGenerator\SudokuGenerator\SudokuGenerator.Tests\bin\Debug\sudokugenerator.tests.dll' was not found.</Text>
      </RunInfo>
    </RunInfos>
  </ResultSummary>
  <TestDefinitions>
    <UnitTest name="IsInValidSudokuWithZero" storage="sudokugenerator.tests.dll" id="ef8ff3f5-34c0-0cab-7598-eb1a749dd3c3">
      <Execution id="42529781-ae75-4655-ba81-f5cbe0aad094" />
      <TestMethod codeBase="C:/Nilam/SudokuGenerator/SudokuGenerator/SudokuGenerator.Tests/bin/Debug/SudokuGenerator.Tests.dll" adapterTypeName="Microsoft.VisualStudio.TestTools.TestTypes.Unit.UnitTestAdapter, Microsoft.VisualStudio.QualityTools.Tips.UnitTest.Adapter, Version=15.0.0.0, Culture=neutral, PublicKeyToken=b03f5f7f11d50a3a" className="SudokuGenerator.Tests.Controllers.SudokuControllerTests, SudokuGenerator.Tests, Version=1.0.0.0, Culture=neutral, PublicKeyToken=null" name="IsInValidSudokuWithZero" />
    </UnitTest>
    <UnitTest name="IsInValidSudoku" storage="sudokugenerator.tests.dll" id="d08d69ac-3ed2-81ef-d2ec-29cab8409bba">
      <Execution id="6d1306c9-0533-40ae-ad37-8928da48c988" />
      <TestMethod codeBase="C:/Nilam/SudokuGenerator/SudokuGenerator/SudokuGenerator.Tests/bin/Debug/SudokuGenerator.Tests.dll" adapterTypeName="Microsoft.VisualStudio.TestTools.TestTypes.Unit.UnitTestAdapter, Microsoft.VisualStudio.QualityTools.Tips.UnitTest.Adapter, Version=15.0.0.0, Culture=neutral, PublicKeyToken=b03f5f7f11d50a3a" className="SudokuGenerator.Tests.Controllers.SudokuControllerTests, SudokuGenerator.Tests, Version=1.0.0.0, Culture=neutral, PublicKeyToken=null" name="IsInValidSudoku" />
    </UnitTest>
    <UnitTest name="IsValidSudokuFromService" storage="sudokugenerator.tests.dll" id="4b24a9af-2279-5d98-b804-8003644432a4">
      <Execution id="be09ff51-3f2a-4b45-9d51-6eb81bf6bc5b" />
      <TestMethod codeBase="C:/Nilam/SudokuGenerator/SudokuGenerator/SudokuGenerator.Tests/bin/Debug/SudokuGenerator.Tests.dll" adapterTypeName="Microsoft.VisualStudio.TestTools.TestTypes.Unit.UnitTestAdapter, Microsoft.VisualStudio.QualityTools.Tips.UnitTest.Adapter, Version=15.0.0.0, Culture=neutral, PublicKeyToken=b03f5f7f11d50a3a" className="SudokuGenerator.Tests.Controllers.SudokuControllerTests, SudokuGenerator.Tests, Version=1.0.0.0, Culture=neutral, PublicKeyToken=null" name="IsValidSudokuFromService" />
    </UnitTest>
    <UnitTest name="IsValidSudoku" storage="sudokugenerator.tests.dll" id="50f7f8f5-ef93-68f3-0528-6152cd91b215">
      <Execution id="e4998edb-596b-4e7d-8188-073489ec84dc" />
      <TestMethod codeBase="C:/Nilam/SudokuGenerator/SudokuGenerator/SudokuGenerator.Tests/bin/Debug/SudokuGenerator.Tests.dll" adapterTypeName="Microsoft.VisualStudio.TestTools.TestTypes.Unit.UnitTestAdapter, Microsoft.VisualStudio.QualityTools.Tips.UnitTest.Adapter, Version=15.0.0.0, Culture=neutral, PublicKeyToken=b03f5f7f11d50a3a" className="SudokuGenerator.Tests.Controllers.SudokuControllerTests, SudokuGenerator.Tests, Version=1.0.0.0, Culture=neutral, PublicKeyToken=null" name="IsValidSudoku" />
    </UnitTest>
  </TestDefinitions>
  <TestLists>
    <TestList name="Results Not in a List" id="8c84fa94-04c1-424b-9868-57a2d4851a1d" />
    <TestList name="All Loaded Results" id="19431567-8539-422a-85d7-44ee4e166bda" />
  </TestLists>
  <TestEntries>
    <TestEntry testId="d08d69ac-3ed2-81ef-d2ec-29cab8409bba" executionId="6d1306c9-0533-40ae-ad37-8928da48c988" testListId="8c84fa94-04c1-424b-9868-57a2d4851a1d" />
    <TestEntry testId="ef8ff3f5-34c0-0cab-7598-eb1a749dd3c3" executionId="42529781-ae75-4655-ba81-f5cbe0aad094" testListId="8c84fa94-04c1-424b-9868-57a2d4851a1d" />
    <TestEntry testId="50f7f8f5-ef93-68f3-0528-6152cd91b215" executionId="e4998edb-596b-4e7d-8188-073489ec84dc" testListId="8c84fa94-04c1-424b-9868-57a2d4851a1d" />
    <TestEntry testId="4b24a9af-2279-5d98-b804-8003644432a4" executionId="be09ff51-3f2a-4b45-9d51-6eb81bf6bc5b" testListId="8c84fa94-04c1-424b-9868-57a2d4851a1d" />
  </TestEntries>
  <Results>
    <UnitTestResult executionId="6d1306c9-0533-40ae-ad37-8928da48c988" testId="d08d69ac-3ed2-81ef-d2ec-29cab8409bba" testName="IsInValidSudoku" computerName="CI0700000003526" duration="00:00:00.0185345" startTime="2019-07-18T16:15:18.0092499-04:00" endTime="2019-07-18T16:15:18.4520769-04:00" testType="13cdc9d9-ddb5-4fa4-a97d-d965ccfc6d4b" outcome="Passed" testListId="8c84fa94-04c1-424b-9868-57a2d4851a1d" relativeResultsDirectory="6d1306c9-0533-40ae-ad37-8928da48c988">
    </UnitTestResult>
    <UnitTestResult executionId="42529781-ae75-4655-ba81-f5cbe0aad094" testId="ef8ff3f5-34c0-0cab-7598-eb1a749dd3c3" testName="IsInValidSudokuWithZero" computerName="CI0700000003526" duration="00:00:00.0002082" startTime="2019-07-18T16:15:18.4580628-04:00" endTime="2019-07-18T16:15:18.4600547-04:00" testType="13cdc9d9-ddb5-4fa4-a97d-d965ccfc6d4b" outcome="Passed" testListId="8c84fa94-04c1-424b-9868-57a2d4851a1d" relativeResultsDirectory="42529781-ae75-4655-ba81-f5cbe0aad094">
    </UnitTestResult>
    <UnitTestResult executionId="e4998edb-596b-4e7d-8188-073489ec84dc" testId="50f7f8f5-ef93-68f3-0528-6152cd91b215" testName="IsValidSudoku" computerName="CI0700000003526" duration="00:00:00.0002606" startTime="2019-07-18T16:15:18.4640444-04:00" endTime="2019-07-18T16:15:18.4670380-04:00" testType="13cdc9d9-ddb5-4fa4-a97d-d965ccfc6d4b" outcome="Passed" testListId="8c84fa94-04c1-424b-9868-57a2d4851a1d" relativeResultsDirectory="e4998edb-596b-4e7d-8188-073489ec84dc">
    </UnitTestResult>
    <UnitTestResult executionId="be09ff51-3f2a-4b45-9d51-6eb81bf6bc5b" testId="4b24a9af-2279-5d98-b804-8003644432a4" testName="IsValidSudokuFromService" computerName="CI0700000003526" duration="00:00:00.0012707" startTime="2019-07-18T16:15:18.4730210-04:00" endTime="2019-07-18T16:15:18.4770095-04:00" testType="13cdc9d9-ddb5-4fa4-a97d-d965ccfc6d4b" outcome="Passed" testListId="8c84fa94-04c1-424b-9868-57a2d4851a1d" relativeResultsDirectory="be09ff51-3f2a-4b45-9d51-6eb81bf6bc5b">
    </UnitTestResult>
  </Results>
</TestRun>