<?xml version="1.0" encoding="UTF-8"?>
<TestRun id="046795e5-0cbe-403c-a561-0a9b4de84a12" name="nsavani@CI0700000003526 2019-07-18 16:12:13" runUser="RIMNET\nsavani" xmlns="http://microsoft.com/schemas/VisualStudio/TeamTest/2010">
  <TestSettings name="Default Test Settings" id="9940aefd-5625-47ce-ba98-5f01f6ea6510">
    <Execution>
      <TestTypeSpecific />
      <AgentRule name="Execution Agents">
      </AgentRule>
    </Execution>
    <Deployment runDeploymentRoot="nsavani_CI0700000003526 2019-07-18 16_12_13" />
    <Properties />
  </TestSettings>
  <Times creation="2019-07-18T16:12:13.7137501-04:00" queuing="2019-07-18T16:12:14.4767556-04:00" start="2019-07-18T16:12:14.5944088-04:00" finish="2019-07-18T16:12:15.3035226-04:00" />
  <ResultSummary outcome="Warning">
    <Counters total="4" executed="4" passed="4" error="0" failed="0" timeout="0" aborted="0" inconclusive="0" passedButRunAborted="0" notRunnable="0" notExecuted="0" disconnected="0" warning="0" completed="0" inProgress="0" pending="0" />
    <RunInfos>
      <RunInfo computerName="CI0700000003526" outcome="Warning" timestamp="2019-07-18T16:12:14.2902169-04:00">
        <Text>Warning: Test Run deployment issue: The assembly or module 'WebGrease' directly or indirectly referenced by the test container 'C:\Nilam\SudokuGenerator\SudokuGenerator\SudokuGenerator.Tests\bin\Debug\sudokugenerator.tests.dll' was not found.</Text>
      </RunInfo>
    </RunInfos>
  </ResultSummary>
  <TestDefinitions>
    <UnitTest name="IsInValidSudokuWithZero" storage="sudokugenerator.tests.dll" id="ef8ff3f5-34c0-0cab-7598-eb1a749dd3c3">
      <Execution id="5db19957-e917-4d12-9ff3-5f3b445c236f" />
      <TestMethod codeBase="C:/Nilam/SudokuGenerator/SudokuGenerator/SudokuGenerator.Tests/bin/Debug/SudokuGenerator.Tests.dll" adapterTypeName="Microsoft.VisualStudio.TestTools.TestTypes.Unit.UnitTestAdapter, Microsoft.VisualStudio.QualityTools.Tips.UnitTest.Adapter, Version=15.0.0.0, Culture=neutral, PublicKeyToken=b03f5f7f11d50a3a" className="SudokuGenerator.Tests.Controllers.SudokuControllerTests, SudokuGenerator.Tests, Version=1.0.0.0, Culture=neutral, PublicKeyToken=null" name="IsInValidSudokuWithZero" />
    </UnitTest>
    <UnitTest name="IsInValidSudoku" storage="sudokugenerator.tests.dll" id="d08d69ac-3ed2-81ef-d2ec-29cab8409bba">
      <Execution id="4770dcd5-1f3d-4c8d-a6d8-24b68246be56" />
      <TestMethod codeBase="C:/Nilam/SudokuGenerator/SudokuGenerator/SudokuGenerator.Tests/bin/Debug/SudokuGenerator.Tests.dll" adapterTypeName="Microsoft.VisualStudio.TestTools.TestTypes.Unit.UnitTestAdapter, Microsoft.VisualStudio.QualityTools.Tips.UnitTest.Adapter, Version=15.0.0.0, Culture=neutral, PublicKeyToken=b03f5f7f11d50a3a" className="SudokuGenerator.Tests.Controllers.SudokuControllerTests, SudokuGenerator.Tests, Version=1.0.0.0, Culture=neutral, PublicKeyToken=null" name="IsInValidSudoku" />
    </UnitTest>
    <UnitTest name="IsValidSudokuFromService" storage="sudokugenerator.tests.dll" id="4b24a9af-2279-5d98-b804-8003644432a4">
      <Execution id="88c108e4-b133-4180-bec3-2d123165c328" />
      <TestMethod codeBase="C:/Nilam/SudokuGenerator/SudokuGenerator/SudokuGenerator.Tests/bin/Debug/SudokuGenerator.Tests.dll" adapterTypeName="Microsoft.VisualStudio.TestTools.TestTypes.Unit.UnitTestAdapter, Microsoft.VisualStudio.QualityTools.Tips.UnitTest.Adapter, Version=15.0.0.0, Culture=neutral, PublicKeyToken=b03f5f7f11d50a3a" className="SudokuGenerator.Tests.Controllers.SudokuControllerTests, SudokuGenerator.Tests, Version=1.0.0.0, Culture=neutral, PublicKeyToken=null" name="IsValidSudokuFromService" />
    </UnitTest>
    <UnitTest name="IsValidSudoku" storage="sudokugenerator.tests.dll" id="50f7f8f5-ef93-68f3-0528-6152cd91b215">
      <Execution id="df9e46e3-baba-4e90-bb8b-9888d6587970" />
      <TestMethod codeBase="C:/Nilam/SudokuGenerator/SudokuGenerator/SudokuGenerator.Tests/bin/Debug/SudokuGenerator.Tests.dll" adapterTypeName="Microsoft.VisualStudio.TestTools.TestTypes.Unit.UnitTestAdapter, Microsoft.VisualStudio.QualityTools.Tips.UnitTest.Adapter, Version=15.0.0.0, Culture=neutral, PublicKeyToken=b03f5f7f11d50a3a" className="SudokuGenerator.Tests.Controllers.SudokuControllerTests, SudokuGenerator.Tests, Version=1.0.0.0, Culture=neutral, PublicKeyToken=null" name="IsValidSudoku" />
    </UnitTest>
  </TestDefinitions>
  <TestLists>
    <TestList name="Results Not in a List" id="8c84fa94-04c1-424b-9868-57a2d4851a1d" />
    <TestList name="All Loaded Results" id="19431567-8539-422a-85d7-44ee4e166bda" />
  </TestLists>
  <TestEntries>
    <TestEntry testId="d08d69ac-3ed2-81ef-d2ec-29cab8409bba" executionId="4770dcd5-1f3d-4c8d-a6d8-24b68246be56" testListId="8c84fa94-04c1-424b-9868-57a2d4851a1d" />
    <TestEntry testId="ef8ff3f5-34c0-0cab-7598-eb1a749dd3c3" executionId="5db19957-e917-4d12-9ff3-5f3b445c236f" testListId="8c84fa94-04c1-424b-9868-57a2d4851a1d" />
    <TestEntry testId="50f7f8f5-ef93-68f3-0528-6152cd91b215" executionId="df9e46e3-baba-4e90-bb8b-9888d6587970" testListId="8c84fa94-04c1-424b-9868-57a2d4851a1d" />
    <TestEntry testId="4b24a9af-2279-5d98-b804-8003644432a4" executionId="88c108e4-b133-4180-bec3-2d123165c328" testListId="8c84fa94-04c1-424b-9868-57a2d4851a1d" />
  </TestEntries>
  <Results>
    <UnitTestResult executionId="4770dcd5-1f3d-4c8d-a6d8-24b68246be56" testId="d08d69ac-3ed2-81ef-d2ec-29cab8409bba" testName="IsInValidSudoku" computerName="CI0700000003526" duration="00:00:00.0184862" startTime="2019-07-18T16:12:14.7779211-04:00" endTime="2019-07-18T16:12:15.2277244-04:00" testType="13cdc9d9-ddb5-4fa4-a97d-d965ccfc6d4b" outcome="Passed" testListId="8c84fa94-04c1-424b-9868-57a2d4851a1d" relativeResultsDirectory="4770dcd5-1f3d-4c8d-a6d8-24b68246be56">
    </UnitTestResult>
    <UnitTestResult executionId="5db19957-e917-4d12-9ff3-5f3b445c236f" testId="ef8ff3f5-34c0-0cab-7598-eb1a749dd3c3" testName="IsInValidSudokuWithZero" computerName="CI0700000003526" duration="00:00:00.0002260" startTime="2019-07-18T16:12:15.2327117-04:00" endTime="2019-07-18T16:12:15.2357029-04:00" testType="13cdc9d9-ddb5-4fa4-a97d-d965ccfc6d4b" outcome="Passed" testListId="8c84fa94-04c1-424b-9868-57a2d4851a1d" relativeResultsDirectory="5db19957-e917-4d12-9ff3-5f3b445c236f">
    </UnitTestResult>
    <UnitTestResult executionId="df9e46e3-baba-4e90-bb8b-9888d6587970" testId="50f7f8f5-ef93-68f3-0528-6152cd91b215" testName="IsValidSudoku" computerName="CI0700000003526" duration="00:00:00.0002367" startTime="2019-07-18T16:12:15.2406899-04:00" endTime="2019-07-18T16:12:15.2426843-04:00" testType="13cdc9d9-ddb5-4fa4-a97d-d965ccfc6d4b" outcome="Passed" testListId="8c84fa94-04c1-424b-9868-57a2d4851a1d" relativeResultsDirectory="df9e46e3-baba-4e90-bb8b-9888d6587970">
    </UnitTestResult>
    <UnitTestResult executionId="88c108e4-b133-4180-bec3-2d123165c328" testId="4b24a9af-2279-5d98-b804-8003644432a4" testName="IsValidSudokuFromService" computerName="CI0700000003526" duration="00:00:00.0019751" startTime="2019-07-18T16:12:15.2476713-04:00" endTime="2019-07-18T16:12:15.2516606-04:00" testType="13cdc9d9-ddb5-4fa4-a97d-d965ccfc6d4b" outcome="Passed" testListId="8c84fa94-04c1-424b-9868-57a2d4851a1d" relativeResultsDirectory="88c108e4-b133-4180-bec3-2d123165c328">
    </UnitTestResult>
  </Results>
</TestRun>