<?xml version="1.0" encoding="UTF-8"?>
<TestRun id="3d1b6c71-8cbe-4709-813f-787cf9e37c8b" name="nsavani@CI0700000003526 2019-07-18 16:08:14" runUser="RIMNET\nsavani" xmlns="http://microsoft.com/schemas/VisualStudio/TeamTest/2010">
  <TestSettings name="Default Test Settings" id="e5683dcb-3334-40e9-bf93-2eb6ce3a1fbd">
    <Execution>
      <TestTypeSpecific />
      <AgentRule name="Execution Agents">
      </AgentRule>
    </Execution>
    <Deployment runDeploymentRoot="nsavani_CI0700000003526 2019-07-18 16_08_14" />
    <Properties />
  </TestSettings>
  <Times creation="2019-07-18T16:08:14.7008793-04:00" queuing="2019-07-18T16:08:15.3501430-04:00" start="2019-07-18T16:08:15.5097157-04:00" finish="2019-07-18T16:08:16.2168247-04:00" />
  <ResultSummary outcome="Failed">
    <Counters total="4" executed="4" passed="3" error="0" failed="1" timeout="0" aborted="0" inconclusive="0" passedButRunAborted="0" notRunnable="0" notExecuted="0" disconnected="0" warning="0" completed="0" inProgress="0" pending="0" />
    <RunInfos>
      <RunInfo computerName="CI0700000003526" outcome="Warning" timestamp="2019-07-18T16:08:15.1357157-04:00">
        <Text>Warning: Test Run deployment issue: The assembly or module 'WebGrease' directly or indirectly referenced by the test container 'C:\Nilam\SudokuGenerator\SudokuGenerator\SudokuGenerator.Tests\bin\Debug\sudokugenerator.tests.dll' was not found.</Text>
      </RunInfo>
    </RunInfos>
  </ResultSummary>
  <TestDefinitions>
    <UnitTest name="IsInValidSudokuWithZero" storage="sudokugenerator.tests.dll" id="ef8ff3f5-34c0-0cab-7598-eb1a749dd3c3">
      <Execution id="32f06c4a-627a-4aa8-9b53-1d85a98c6f46" />
      <TestMethod codeBase="C:/Nilam/SudokuGenerator/SudokuGenerator/SudokuGenerator.Tests/bin/Debug/SudokuGenerator.Tests.dll" adapterTypeName="Microsoft.VisualStudio.TestTools.TestTypes.Unit.UnitTestAdapter, Microsoft.VisualStudio.QualityTools.Tips.UnitTest.Adapter, Version=16.0.0.0, Culture=neutral, PublicKeyToken=b03f5f7f11d50a3a" className="SudokuGenerator.Tests.Controllers.SudokuControllerTests, SudokuGenerator.Tests, Version=1.0.0.0, Culture=neutral, PublicKeyToken=null" name="IsInValidSudokuWithZero" />
    </UnitTest>
    <UnitTest name="IsInValidSudoku" storage="sudokugenerator.tests.dll" id="d08d69ac-3ed2-81ef-d2ec-29cab8409bba">
      <Execution id="03e9726f-0a04-4924-803f-098c191f67f9" />
      <TestMethod codeBase="C:/Nilam/SudokuGenerator/SudokuGenerator/SudokuGenerator.Tests/bin/Debug/SudokuGenerator.Tests.dll" adapterTypeName="Microsoft.VisualStudio.TestTools.TestTypes.Unit.UnitTestAdapter, Microsoft.VisualStudio.QualityTools.Tips.UnitTest.Adapter, Version=16.0.0.0, Culture=neutral, PublicKeyToken=b03f5f7f11d50a3a" className="SudokuGenerator.Tests.Controllers.SudokuControllerTests, SudokuGenerator.Tests, Version=1.0.0.0, Culture=neutral, PublicKeyToken=null" name="IsInValidSudoku" />
    </UnitTest>
    <UnitTest name="IsValidSudokuFromService" storage="sudokugenerator.tests.dll" id="4b24a9af-2279-5d98-b804-8003644432a4">
      <Execution id="f6419f9e-4278-4be8-a590-9d5eb004bcf3" />
      <TestMethod codeBase="C:/Nilam/SudokuGenerator/SudokuGenerator/SudokuGenerator.Tests/bin/Debug/SudokuGenerator.Tests.dll" adapterTypeName="Microsoft.VisualStudio.TestTools.TestTypes.Unit.UnitTestAdapter, Microsoft.VisualStudio.QualityTools.Tips.UnitTest.Adapter, Version=16.0.0.0, Culture=neutral, PublicKeyToken=b03f5f7f11d50a3a" className="SudokuGenerator.Tests.Controllers.SudokuControllerTests, SudokuGenerator.Tests, Version=1.0.0.0, Culture=neutral, PublicKeyToken=null" name="IsValidSudokuFromService" />
    </UnitTest>
    <UnitTest name="IsValidSudoku" storage="sudokugenerator.tests.dll" id="50f7f8f5-ef93-68f3-0528-6152cd91b215">
      <Execution id="14577047-1c06-418c-ba5b-076398ca92a9" />
      <TestMethod codeBase="C:/Nilam/SudokuGenerator/SudokuGenerator/SudokuGenerator.Tests/bin/Debug/SudokuGenerator.Tests.dll" adapterTypeName="Microsoft.VisualStudio.TestTools.TestTypes.Unit.UnitTestAdapter, Microsoft.VisualStudio.QualityTools.Tips.UnitTest.Adapter, Version=16.0.0.0, Culture=neutral, PublicKeyToken=b03f5f7f11d50a3a" className="SudokuGenerator.Tests.Controllers.SudokuControllerTests, SudokuGenerator.Tests, Version=1.0.0.0, Culture=neutral, PublicKeyToken=null" name="IsValidSudoku" />
    </UnitTest>
  </TestDefinitions>
  <TestLists>
    <TestList name="Results Not in a List" id="8c84fa94-04c1-424b-9868-57a2d4851a1d" />
    <TestList name="All Loaded Results" id="19431567-8539-422a-85d7-44ee4e166bda" />
  </TestLists>
  <TestEntries>
    <TestEntry testId="d08d69ac-3ed2-81ef-d2ec-29cab8409bba" executionId="03e9726f-0a04-4924-803f-098c191f67f9" testListId="8c84fa94-04c1-424b-9868-57a2d4851a1d" />
    <TestEntry testId="ef8ff3f5-34c0-0cab-7598-eb1a749dd3c3" executionId="32f06c4a-627a-4aa8-9b53-1d85a98c6f46" testListId="8c84fa94-04c1-424b-9868-57a2d4851a1d" />
    <TestEntry testId="50f7f8f5-ef93-68f3-0528-6152cd91b215" executionId="14577047-1c06-418c-ba5b-076398ca92a9" testListId="8c84fa94-04c1-424b-9868-57a2d4851a1d" />
    <TestEntry testId="4b24a9af-2279-5d98-b804-8003644432a4" executionId="f6419f9e-4278-4be8-a590-9d5eb004bcf3" testListId="8c84fa94-04c1-424b-9868-57a2d4851a1d" />
  </TestEntries>
  <Results>
    <UnitTestResult executionId="03e9726f-0a04-4924-803f-098c191f67f9" testId="d08d69ac-3ed2-81ef-d2ec-29cab8409bba" testName="IsInValidSudoku" computerName="CI0700000003526" duration="00:00:00.0200519" startTime="2019-07-18T16:08:15.6782661-04:00" endTime="2019-07-18T16:08:16.0971436-04:00" testType="13cdc9d9-ddb5-4fa4-a97d-d965ccfc6d4b" outcome="Passed" testListId="8c84fa94-04c1-424b-9868-57a2d4851a1d" relativeResultsDirectory="03e9726f-0a04-4924-803f-098c191f67f9">
    </UnitTestResult>
    <UnitTestResult executionId="32f06c4a-627a-4aa8-9b53-1d85a98c6f46" testId="ef8ff3f5-34c0-0cab-7598-eb1a749dd3c3" testName="IsInValidSudokuWithZero" computerName="CI0700000003526" duration="00:00:00.0001581" startTime="2019-07-18T16:08:16.1021307-04:00" endTime="2019-07-18T16:08:16.1041247-04:00" testType="13cdc9d9-ddb5-4fa4-a97d-d965ccfc6d4b" outcome="Passed" testListId="8c84fa94-04c1-424b-9868-57a2d4851a1d" relativeResultsDirectory="32f06c4a-627a-4aa8-9b53-1d85a98c6f46">
    </UnitTestResult>
    <UnitTestResult executionId="14577047-1c06-418c-ba5b-076398ca92a9" testId="50f7f8f5-ef93-68f3-0528-6152cd91b215" testName="IsValidSudoku" computerName="CI0700000003526" duration="00:00:00.0002371" startTime="2019-07-18T16:08:16.1101097-04:00" endTime="2019-07-18T16:08:16.1131013-04:00" testType="13cdc9d9-ddb5-4fa4-a97d-d965ccfc6d4b" outcome="Passed" testListId="8c84fa94-04c1-424b-9868-57a2d4851a1d" relativeResultsDirectory="14577047-1c06-418c-ba5b-076398ca92a9">
    </UnitTestResult>
    <UnitTestResult executionId="f6419f9e-4278-4be8-a590-9d5eb004bcf3" testId="4b24a9af-2279-5d98-b804-8003644432a4" testName="IsValidSudokuFromService" computerName="CI0700000003526" duration="00:00:00.0352450" startTime="2019-07-18T16:08:16.1170916-04:00" endTime="2019-07-18T16:08:16.1549929-04:00" testType="13cdc9d9-ddb5-4fa4-a97d-d965ccfc6d4b" outcome="Failed" testListId="8c84fa94-04c1-424b-9868-57a2d4851a1d" relativeResultsDirectory="f6419f9e-4278-4be8-a590-9d5eb004bcf3">
      <Output>
        <ErrorInfo>
          <Message>Assert.AreEqual failed. Expected:&lt;False&gt;. Actual:&lt;True&gt;. </Message>
          <StackTrace>   at SudokuGenerator.Tests.Controllers.SudokuControllerTests.IsValidSudokuFromService() in C:\Nilam\SudokuGenerator\SudokuGenerator\SudokuGenerator.Tests\Controllers\SudokuControllerTests.cs:line 99
</StackTrace>
        </ErrorInfo>
      </Output>
    </UnitTestResult>
  </Results>
</TestRun>