<?xml version="1.0" encoding="UTF-8"?>
<TestRun id="6a704cb3-8218-4af9-9d60-bb5ec3eaa2a4" name="Piyush@DESKTOP-DBC33GT 2019-07-18 19:41:43" runUser="DESKTOP-DBC33GT\Piyush" xmlns="http://microsoft.com/schemas/VisualStudio/TeamTest/2010">
  <TestSettings name="Default Test Settings" id="33d40f35-c733-4f67-89c3-43dae2383e91">
    <Execution>
      <TestTypeSpecific />
      <AgentRule name="Execution Agents">
      </AgentRule>
    </Execution>
    <Deployment runDeploymentRoot="Piyush_DESKTOP-DBC33GT 2019-07-18 19_41_43" />
    <Properties />
  </TestSettings>
  <Times creation="2019-07-18T19:41:43.7140089-04:00" queuing="2019-07-18T19:41:44.5235467-04:00" start="2019-07-18T19:41:44.6384792-04:00" finish="2019-07-18T19:41:45.7188809-04:00" />
  <ResultSummary outcome="Warning">
    <Counters total="4" executed="4" passed="4" error="0" failed="0" timeout="0" aborted="0" inconclusive="0" passedButRunAborted="0" notRunnable="0" notExecuted="0" disconnected="0" warning="0" completed="0" inProgress="0" pending="0" />
    <RunInfos>
      <RunInfo computerName="DESKTOP-DBC33GT" outcome="Warning" timestamp="2019-07-18T19:41:44.1657485-04:00">
        <Text>Warning: Test Run deployment issue: The assembly or module 'WebGrease' directly or indirectly referenced by the test container 'E:\SudokuGenerator\SudokuGenerator\SudokuGenerator.Tests\bin\Debug\sudokugenerator.tests.dll' was not found.</Text>
      </RunInfo>
    </RunInfos>
  </ResultSummary>
  <TestDefinitions>
    <UnitTest name="IsInvalidSudoku" storage="sudokugenerator.tests.dll" id="3ef73c48-ed65-3e45-97c0-ea45ed35b986">
      <Execution id="79268357-e476-4309-a3d6-b9eebc90e99a" />
      <TestMethod codeBase="E:/SudokuGenerator/SudokuGenerator/SudokuGenerator.Tests/bin/Debug/SudokuGenerator.Tests.dll" adapterTypeName="Microsoft.VisualStudio.TestTools.TestTypes.Unit.UnitTestAdapter, Microsoft.VisualStudio.QualityTools.Tips.UnitTest.Adapter, Version=15.0.0.0, Culture=neutral, PublicKeyToken=b03f5f7f11d50a3a" className="SudokuGenerator.Tests.Controllers.SudokuControllerTests, SudokuGenerator.Tests, Version=1.0.0.0, Culture=neutral, PublicKeyToken=null" name="IsInvalidSudoku" />
    </UnitTest>
    <UnitTest name="IsValidSudoku" storage="sudokugenerator.tests.dll" id="50f7f8f5-ef93-68f3-0528-6152cd91b215">
      <Execution id="3576c704-864e-443d-90b6-10fc0e834279" />
      <TestMethod codeBase="E:/SudokuGenerator/SudokuGenerator/SudokuGenerator.Tests/bin/Debug/SudokuGenerator.Tests.dll" adapterTypeName="Microsoft.VisualStudio.TestTools.TestTypes.Unit.UnitTestAdapter, Microsoft.VisualStudio.QualityTools.Tips.UnitTest.Adapter, Version=15.0.0.0, Culture=neutral, PublicKeyToken=b03f5f7f11d50a3a" className="SudokuGenerator.Tests.Controllers.SudokuControllerTests, SudokuGenerator.Tests, Version=1.0.0.0, Culture=neutral, PublicKeyToken=null" name="IsValidSudoku" />
    </UnitTest>
    <UnitTest name="IsvalidSudokuFromService" storage="sudokugenerator.tests.dll" id="efcac092-f282-353a-f000-ab7bc26af9a8">
      <Execution id="b0659f4a-8bc1-4776-8852-640f1eadf57d" />
      <TestMethod codeBase="E:/SudokuGenerator/SudokuGenerator/SudokuGenerator.Tests/bin/Debug/SudokuGenerator.Tests.dll" adapterTypeName="Microsoft.VisualStudio.TestTools.TestTypes.Unit.UnitTestAdapter, Microsoft.VisualStudio.QualityTools.Tips.UnitTest.Adapter, Version=15.0.0.0, Culture=neutral, PublicKeyToken=b03f5f7f11d50a3a" className="SudokuGenerator.Tests.Controllers.SudokuControllerTests, SudokuGenerator.Tests, Version=1.0.0.0, Culture=neutral, PublicKeyToken=null" name="IsvalidSudokuFromService" />
    </UnitTest>
    <UnitTest name="IsInvalidSudokuWithZero" storage="sudokugenerator.tests.dll" id="f7d5bb50-5e53-3c71-dfe7-b3594923c572">
      <Execution id="aee8df3f-62dd-4b1b-ab0e-6ce2edf9fbf7" />
      <TestMethod codeBase="E:/SudokuGenerator/SudokuGenerator/SudokuGenerator.Tests/bin/Debug/SudokuGenerator.Tests.dll" adapterTypeName="Microsoft.VisualStudio.TestTools.TestTypes.Unit.UnitTestAdapter, Microsoft.VisualStudio.QualityTools.Tips.UnitTest.Adapter, Version=15.0.0.0, Culture=neutral, PublicKeyToken=b03f5f7f11d50a3a" className="SudokuGenerator.Tests.Controllers.SudokuControllerTests, SudokuGenerator.Tests, Version=1.0.0.0, Culture=neutral, PublicKeyToken=null" name="IsInvalidSudokuWithZero" />
    </UnitTest>
  </TestDefinitions>
  <TestLists>
    <TestList name="Results Not in a List" id="8c84fa94-04c1-424b-9868-57a2d4851a1d" />
    <TestList name="All Loaded Results" id="19431567-8539-422a-85d7-44ee4e166bda" />
  </TestLists>
  <TestEntries>
    <TestEntry testId="3ef73c48-ed65-3e45-97c0-ea45ed35b986" executionId="79268357-e476-4309-a3d6-b9eebc90e99a" testListId="8c84fa94-04c1-424b-9868-57a2d4851a1d" />
    <TestEntry testId="f7d5bb50-5e53-3c71-dfe7-b3594923c572" executionId="aee8df3f-62dd-4b1b-ab0e-6ce2edf9fbf7" testListId="8c84fa94-04c1-424b-9868-57a2d4851a1d" />
    <TestEntry testId="50f7f8f5-ef93-68f3-0528-6152cd91b215" executionId="3576c704-864e-443d-90b6-10fc0e834279" testListId="8c84fa94-04c1-424b-9868-57a2d4851a1d" />
    <TestEntry testId="efcac092-f282-353a-f000-ab7bc26af9a8" executionId="b0659f4a-8bc1-4776-8852-640f1eadf57d" testListId="8c84fa94-04c1-424b-9868-57a2d4851a1d" />
  </TestEntries>
  <Results>
    <UnitTestResult executionId="79268357-e476-4309-a3d6-b9eebc90e99a" testId="3ef73c48-ed65-3e45-97c0-ea45ed35b986" testName="IsInvalidSudoku" computerName="DESKTOP-DBC33GT" duration="00:00:00.0629398" startTime="2019-07-18T19:41:44.8183749-04:00" endTime="2019-07-18T19:41:45.5639517-04:00" testType="13cdc9d9-ddb5-4fa4-a97d-d965ccfc6d4b" outcome="Passed" testListId="8c84fa94-04c1-424b-9868-57a2d4851a1d" relativeResultsDirectory="79268357-e476-4309-a3d6-b9eebc90e99a">
    </UnitTestResult>
    <UnitTestResult executionId="aee8df3f-62dd-4b1b-ab0e-6ce2edf9fbf7" testId="f7d5bb50-5e53-3c71-dfe7-b3594923c572" testName="IsInvalidSudokuWithZero" computerName="DESKTOP-DBC33GT" duration="00:00:00.0002640" startTime="2019-07-18T19:41:45.5709455-04:00" endTime="2019-07-18T19:41:45.5749427-04:00" testType="13cdc9d9-ddb5-4fa4-a97d-d965ccfc6d4b" outcome="Passed" testListId="8c84fa94-04c1-424b-9868-57a2d4851a1d" relativeResultsDirectory="aee8df3f-62dd-4b1b-ab0e-6ce2edf9fbf7">
    </UnitTestResult>
    <UnitTestResult executionId="3576c704-864e-443d-90b6-10fc0e834279" testId="50f7f8f5-ef93-68f3-0528-6152cd91b215" testName="IsValidSudoku" computerName="DESKTOP-DBC33GT" duration="00:00:00.0004721" startTime="2019-07-18T19:41:45.5859365-04:00" endTime="2019-07-18T19:41:45.5899356-04:00" testType="13cdc9d9-ddb5-4fa4-a97d-d965ccfc6d4b" outcome="Passed" testListId="8c84fa94-04c1-424b-9868-57a2d4851a1d" relativeResultsDirectory="3576c704-864e-443d-90b6-10fc0e834279">
    </UnitTestResult>
    <UnitTestResult executionId="b0659f4a-8bc1-4776-8852-640f1eadf57d" testId="efcac092-f282-353a-f000-ab7bc26af9a8" testName="IsvalidSudokuFromService" computerName="DESKTOP-DBC33GT" duration="00:00:00.0015264" startTime="2019-07-18T19:41:45.6019274-04:00" endTime="2019-07-18T19:41:45.6059279-04:00" testType="13cdc9d9-ddb5-4fa4-a97d-d965ccfc6d4b" outcome="Passed" testListId="8c84fa94-04c1-424b-9868-57a2d4851a1d" relativeResultsDirectory="b0659f4a-8bc1-4776-8852-640f1eadf57d">
    </UnitTestResult>
  </Results>
</TestRun>