<?xml version="1.0" encoding="UTF-8"?>
<TestRun id="d46ede7e-ee95-4868-a05c-ed832f3f8984" name="Piyush@DESKTOP-DBC33GT 2019-07-18 19:36:32" runUser="DESKTOP-DBC33GT\Piyush" xmlns="http://microsoft.com/schemas/VisualStudio/TeamTest/2010">
  <TestSettings name="Default Test Settings" id="38abdfd8-7f6d-413d-895e-4424c8be3875">
    <Execution>
      <TestTypeSpecific />
      <AgentRule name="Execution Agents">
      </AgentRule>
    </Execution>
    <Deployment runDeploymentRoot="Piyush_DESKTOP-DBC33GT 2019-07-18 19_36_32" />
    <Properties />
  </TestSettings>
  <Times creation="2019-07-18T19:36:32.2684238-04:00" queuing="2019-07-18T19:36:33.4707363-04:00" start="2019-07-18T19:36:33.5986617-04:00" finish="2019-07-18T19:36:34.5810995-04:00" />
  <ResultSummary outcome="Warning">
    <Counters total="4" executed="4" passed="4" error="0" failed="0" timeout="0" aborted="0" inconclusive="0" passedButRunAborted="0" notRunnable="0" notExecuted="0" disconnected="0" warning="0" completed="0" inProgress="0" pending="0" />
    <RunInfos>
      <RunInfo computerName="DESKTOP-DBC33GT" outcome="Warning" timestamp="2019-07-18T19:36:33.4397553-04:00">
        <Text>Warning: Test Run deployment issue: The assembly or module 'WebGrease' directly or indirectly referenced by the test container 'E:\Nilam\FinalSudokuGenerator\SudokuGenerator\SudokuGenerator.Tests\bin\Debug\sudokugenerator.tests.dll' was not found.</Text>
      </RunInfo>
    </RunInfos>
  </ResultSummary>
  <TestDefinitions>
    <UnitTest name="IsInvalidSudoku" storage="sudokugenerator.tests.dll" id="3ef73c48-ed65-3e45-97c0-ea45ed35b986">
      <Execution id="9a25a2e0-cefb-480d-9ae2-606e601ce48f" />
      <TestMethod codeBase="E:/Nilam/FinalSudokuGenerator/SudokuGenerator/SudokuGenerator.Tests/bin/Debug/SudokuGenerator.Tests.dll" adapterTypeName="Microsoft.VisualStudio.TestTools.TestTypes.Unit.UnitTestAdapter, Microsoft.VisualStudio.QualityTools.Tips.UnitTest.Adapter, Version=15.0.0.0, Culture=neutral, PublicKeyToken=b03f5f7f11d50a3a" className="SudokuGenerator.Tests.Controllers.SudokuControllerTests, SudokuGenerator.Tests, Version=1.0.0.0, Culture=neutral, PublicKeyToken=null" name="IsInvalidSudoku" />
    </UnitTest>
    <UnitTest name="IsValidSudoku" storage="sudokugenerator.tests.dll" id="50f7f8f5-ef93-68f3-0528-6152cd91b215">
      <Execution id="e5dff78e-dd7c-4941-8c19-e25c26eebd53" />
      <TestMethod codeBase="E:/Nilam/FinalSudokuGenerator/SudokuGenerator/SudokuGenerator.Tests/bin/Debug/SudokuGenerator.Tests.dll" adapterTypeName="Microsoft.VisualStudio.TestTools.TestTypes.Unit.UnitTestAdapter, Microsoft.VisualStudio.QualityTools.Tips.UnitTest.Adapter, Version=15.0.0.0, Culture=neutral, PublicKeyToken=b03f5f7f11d50a3a" className="SudokuGenerator.Tests.Controllers.SudokuControllerTests, SudokuGenerator.Tests, Version=1.0.0.0, Culture=neutral, PublicKeyToken=null" name="IsValidSudoku" />
    </UnitTest>
    <UnitTest name="IsvalidSudokuFromService" storage="sudokugenerator.tests.dll" id="efcac092-f282-353a-f000-ab7bc26af9a8">
      <Execution id="cdd8b716-4b70-4d99-8724-2aef474e25f2" />
      <TestMethod codeBase="E:/Nilam/FinalSudokuGenerator/SudokuGenerator/SudokuGenerator.Tests/bin/Debug/SudokuGenerator.Tests.dll" adapterTypeName="Microsoft.VisualStudio.TestTools.TestTypes.Unit.UnitTestAdapter, Microsoft.VisualStudio.QualityTools.Tips.UnitTest.Adapter, Version=15.0.0.0, Culture=neutral, PublicKeyToken=b03f5f7f11d50a3a" className="SudokuGenerator.Tests.Controllers.SudokuControllerTests, SudokuGenerator.Tests, Version=1.0.0.0, Culture=neutral, PublicKeyToken=null" name="IsvalidSudokuFromService" />
    </UnitTest>
    <UnitTest name="IsInvalidSudokuWithZero" storage="sudokugenerator.tests.dll" id="f7d5bb50-5e53-3c71-dfe7-b3594923c572">
      <Execution id="b6ae1bff-28d2-4f6e-b5a6-690c5288fb84" />
      <TestMethod codeBase="E:/Nilam/FinalSudokuGenerator/SudokuGenerator/SudokuGenerator.Tests/bin/Debug/SudokuGenerator.Tests.dll" adapterTypeName="Microsoft.VisualStudio.TestTools.TestTypes.Unit.UnitTestAdapter, Microsoft.VisualStudio.QualityTools.Tips.UnitTest.Adapter, Version=15.0.0.0, Culture=neutral, PublicKeyToken=b03f5f7f11d50a3a" className="SudokuGenerator.Tests.Controllers.SudokuControllerTests, SudokuGenerator.Tests, Version=1.0.0.0, Culture=neutral, PublicKeyToken=null" name="IsInvalidSudokuWithZero" />
    </UnitTest>
  </TestDefinitions>
  <TestLists>
    <TestList name="Results Not in a List" id="8c84fa94-04c1-424b-9868-57a2d4851a1d" />
    <TestList name="All Loaded Results" id="19431567-8539-422a-85d7-44ee4e166bda" />
  </TestLists>
  <TestEntries>
    <TestEntry testId="3ef73c48-ed65-3e45-97c0-ea45ed35b986" executionId="9a25a2e0-cefb-480d-9ae2-606e601ce48f" testListId="8c84fa94-04c1-424b-9868-57a2d4851a1d" />
    <TestEntry testId="f7d5bb50-5e53-3c71-dfe7-b3594923c572" executionId="b6ae1bff-28d2-4f6e-b5a6-690c5288fb84" testListId="8c84fa94-04c1-424b-9868-57a2d4851a1d" />
    <TestEntry testId="50f7f8f5-ef93-68f3-0528-6152cd91b215" executionId="e5dff78e-dd7c-4941-8c19-e25c26eebd53" testListId="8c84fa94-04c1-424b-9868-57a2d4851a1d" />
    <TestEntry testId="efcac092-f282-353a-f000-ab7bc26af9a8" executionId="cdd8b716-4b70-4d99-8724-2aef474e25f2" testListId="8c84fa94-04c1-424b-9868-57a2d4851a1d" />
  </TestEntries>
  <Results>
    <UnitTestResult executionId="9a25a2e0-cefb-480d-9ae2-606e601ce48f" testId="3ef73c48-ed65-3e45-97c0-ea45ed35b986" testName="IsInvalidSudoku" computerName="DESKTOP-DBC33GT" duration="00:00:00.0588767" startTime="2019-07-18T19:36:33.7895516-04:00" endTime="2019-07-18T19:36:34.4841551-04:00" testType="13cdc9d9-ddb5-4fa4-a97d-d965ccfc6d4b" outcome="Passed" testListId="8c84fa94-04c1-424b-9868-57a2d4851a1d" relativeResultsDirectory="9a25a2e0-cefb-480d-9ae2-606e601ce48f">
    </UnitTestResult>
    <UnitTestResult executionId="b6ae1bff-28d2-4f6e-b5a6-690c5288fb84" testId="f7d5bb50-5e53-3c71-dfe7-b3594923c572" testName="IsInvalidSudokuWithZero" computerName="DESKTOP-DBC33GT" duration="00:00:00.0002495" startTime="2019-07-18T19:36:34.4921506-04:00" endTime="2019-07-18T19:36:34.4961483-04:00" testType="13cdc9d9-ddb5-4fa4-a97d-d965ccfc6d4b" outcome="Passed" testListId="8c84fa94-04c1-424b-9868-57a2d4851a1d" relativeResultsDirectory="b6ae1bff-28d2-4f6e-b5a6-690c5288fb84">
    </UnitTestResult>
    <UnitTestResult executionId="e5dff78e-dd7c-4941-8c19-e25c26eebd53" testId="50f7f8f5-ef93-68f3-0528-6152cd91b215" testName="IsValidSudoku" computerName="DESKTOP-DBC33GT" duration="00:00:00.0003163" startTime="2019-07-18T19:36:34.5041451-04:00" endTime="2019-07-18T19:36:34.5081456-04:00" testType="13cdc9d9-ddb5-4fa4-a97d-d965ccfc6d4b" outcome="Passed" testListId="8c84fa94-04c1-424b-9868-57a2d4851a1d" relativeResultsDirectory="e5dff78e-dd7c-4941-8c19-e25c26eebd53">
    </UnitTestResult>
    <UnitTestResult executionId="cdd8b716-4b70-4d99-8724-2aef474e25f2" testId="efcac092-f282-353a-f000-ab7bc26af9a8" testName="IsvalidSudokuFromService" computerName="DESKTOP-DBC33GT" duration="00:00:00.0029167" startTime="2019-07-18T19:36:34.5171389-04:00" endTime="2019-07-18T19:36:34.5251339-04:00" testType="13cdc9d9-ddb5-4fa4-a97d-d965ccfc6d4b" outcome="Passed" testListId="8c84fa94-04c1-424b-9868-57a2d4851a1d" relativeResultsDirectory="cdd8b716-4b70-4d99-8724-2aef474e25f2">
    </UnitTestResult>
  </Results>
</TestRun>