<?xml version="1.0" encoding="UTF-8"?>
<TestRun id="367470c6-e44f-4d21-b756-3433379930f0" name="Piyush@DESKTOP-DBC33GT 2019-07-18 19:00:46" runUser="DESKTOP-DBC33GT\Piyush" xmlns="http://microsoft.com/schemas/VisualStudio/TeamTest/2010">
  <TestSettings name="Default Test Settings" id="b27c0572-f851-4b7e-8f84-d49d19620b54">
    <Execution>
      <TestTypeSpecific />
      <AgentRule name="Execution Agents">
      </AgentRule>
    </Execution>
    <Deployment runDeploymentRoot="Piyush_DESKTOP-DBC33GT 2019-07-18 19_00_46" />
    <Properties />
  </TestSettings>
  <Times creation="2019-07-18T19:00:46.5371340-04:00" queuing="2019-07-18T19:01:00.5136264-04:00" start="2019-07-18T19:01:00.7155120-04:00" finish="2019-07-18T19:01:02.9139813-04:00" />
  <ResultSummary outcome="Warning">
    <Counters total="4" executed="4" passed="4" error="0" failed="0" timeout="0" aborted="0" inconclusive="0" passedButRunAborted="0" notRunnable="0" notExecuted="0" disconnected="0" warning="0" completed="0" inProgress="0" pending="0" />
    <RunInfos>
      <RunInfo computerName="DESKTOP-DBC33GT" outcome="Warning" timestamp="2019-07-18T19:00:59.9031456-04:00">
        <Text>Warning: Test Run deployment issue: The assembly or module 'WebGrease' directly or indirectly referenced by the test container 'E:\Nilam\GitHub_Projects\SudokuGenerator\SudokuGenerator\SudokuGenerator.Tests\bin\Debug\sudokugenerator.tests.dll' was not found.</Text>
      </RunInfo>
    </RunInfos>
  </ResultSummary>
  <TestDefinitions>
    <UnitTest name="IsInValidSudokuWithZero" storage="sudokugenerator.tests.dll" id="ef8ff3f5-34c0-0cab-7598-eb1a749dd3c3">
      <Execution id="96e312f7-f5bf-4492-a2b5-ed2df9b28a37" />
      <TestMethod codeBase="E:/Nilam/GitHub_Projects/SudokuGenerator/SudokuGenerator/SudokuGenerator.Tests/bin/Debug/SudokuGenerator.Tests.dll" adapterTypeName="Microsoft.VisualStudio.TestTools.TestTypes.Unit.UnitTestAdapter, Microsoft.VisualStudio.QualityTools.Tips.UnitTest.Adapter, Version=15.0.0.0, Culture=neutral, PublicKeyToken=b03f5f7f11d50a3a" className="SudokuGenerator.Tests.Controllers.SudokuControllerTests, SudokuGenerator.Tests, Version=1.0.0.0, Culture=neutral, PublicKeyToken=null" name="IsInValidSudokuWithZero" />
    </UnitTest>
    <UnitTest name="IsInValidSudoku" storage="sudokugenerator.tests.dll" id="d08d69ac-3ed2-81ef-d2ec-29cab8409bba">
      <Execution id="37dd89a4-3187-4c88-aeac-787bc67810e9" />
      <TestMethod codeBase="E:/Nilam/GitHub_Projects/SudokuGenerator/SudokuGenerator/SudokuGenerator.Tests/bin/Debug/SudokuGenerator.Tests.dll" adapterTypeName="Microsoft.VisualStudio.TestTools.TestTypes.Unit.UnitTestAdapter, Microsoft.VisualStudio.QualityTools.Tips.UnitTest.Adapter, Version=15.0.0.0, Culture=neutral, PublicKeyToken=b03f5f7f11d50a3a" className="SudokuGenerator.Tests.Controllers.SudokuControllerTests, SudokuGenerator.Tests, Version=1.0.0.0, Culture=neutral, PublicKeyToken=null" name="IsInValidSudoku" />
    </UnitTest>
    <UnitTest name="IsValidSudokuFromService" storage="sudokugenerator.tests.dll" id="4b24a9af-2279-5d98-b804-8003644432a4">
      <Execution id="fe27b6d5-71b8-47c0-a33c-e65248d13a25" />
      <TestMethod codeBase="E:/Nilam/GitHub_Projects/SudokuGenerator/SudokuGenerator/SudokuGenerator.Tests/bin/Debug/SudokuGenerator.Tests.dll" adapterTypeName="Microsoft.VisualStudio.TestTools.TestTypes.Unit.UnitTestAdapter, Microsoft.VisualStudio.QualityTools.Tips.UnitTest.Adapter, Version=15.0.0.0, Culture=neutral, PublicKeyToken=b03f5f7f11d50a3a" className="SudokuGenerator.Tests.Controllers.SudokuControllerTests, SudokuGenerator.Tests, Version=1.0.0.0, Culture=neutral, PublicKeyToken=null" name="IsValidSudokuFromService" />
    </UnitTest>
    <UnitTest name="IsValidSudoku" storage="sudokugenerator.tests.dll" id="50f7f8f5-ef93-68f3-0528-6152cd91b215">
      <Execution id="d8abc4d0-d8bc-40c0-896e-fbe04134c925" />
      <TestMethod codeBase="E:/Nilam/GitHub_Projects/SudokuGenerator/SudokuGenerator/SudokuGenerator.Tests/bin/Debug/SudokuGenerator.Tests.dll" adapterTypeName="Microsoft.VisualStudio.TestTools.TestTypes.Unit.UnitTestAdapter, Microsoft.VisualStudio.QualityTools.Tips.UnitTest.Adapter, Version=15.0.0.0, Culture=neutral, PublicKeyToken=b03f5f7f11d50a3a" className="SudokuGenerator.Tests.Controllers.SudokuControllerTests, SudokuGenerator.Tests, Version=1.0.0.0, Culture=neutral, PublicKeyToken=null" name="IsValidSudoku" />
    </UnitTest>
  </TestDefinitions>
  <TestLists>
    <TestList name="Results Not in a List" id="8c84fa94-04c1-424b-9868-57a2d4851a1d" />
    <TestList name="All Loaded Results" id="19431567-8539-422a-85d7-44ee4e166bda" />
  </TestLists>
  <TestEntries>
    <TestEntry testId="d08d69ac-3ed2-81ef-d2ec-29cab8409bba" executionId="37dd89a4-3187-4c88-aeac-787bc67810e9" testListId="8c84fa94-04c1-424b-9868-57a2d4851a1d" />
    <TestEntry testId="ef8ff3f5-34c0-0cab-7598-eb1a749dd3c3" executionId="96e312f7-f5bf-4492-a2b5-ed2df9b28a37" testListId="8c84fa94-04c1-424b-9868-57a2d4851a1d" />
    <TestEntry testId="50f7f8f5-ef93-68f3-0528-6152cd91b215" executionId="d8abc4d0-d8bc-40c0-896e-fbe04134c925" testListId="8c84fa94-04c1-424b-9868-57a2d4851a1d" />
    <TestEntry testId="4b24a9af-2279-5d98-b804-8003644432a4" executionId="fe27b6d5-71b8-47c0-a33c-e65248d13a25" testListId="8c84fa94-04c1-424b-9868-57a2d4851a1d" />
  </TestEntries>
  <Results>
    <UnitTestResult executionId="37dd89a4-3187-4c88-aeac-787bc67810e9" testId="d08d69ac-3ed2-81ef-d2ec-29cab8409bba" testName="IsInValidSudoku" computerName="DESKTOP-DBC33GT" duration="00:00:00.0735203" startTime="2019-07-18T19:01:01.4517699-04:00" endTime="2019-07-18T19:01:02.7061637-04:00" testType="13cdc9d9-ddb5-4fa4-a97d-d965ccfc6d4b" outcome="Passed" testListId="8c84fa94-04c1-424b-9868-57a2d4851a1d" relativeResultsDirectory="37dd89a4-3187-4c88-aeac-787bc67810e9">
    </UnitTestResult>
    <UnitTestResult executionId="96e312f7-f5bf-4492-a2b5-ed2df9b28a37" testId="ef8ff3f5-34c0-0cab-7598-eb1a749dd3c3" testName="IsInValidSudokuWithZero" computerName="DESKTOP-DBC33GT" duration="00:00:00.0003069" startTime="2019-07-18T19:01:02.7151598-04:00" endTime="2019-07-18T19:01:02.7201568-04:00" testType="13cdc9d9-ddb5-4fa4-a97d-d965ccfc6d4b" outcome="Passed" testListId="8c84fa94-04c1-424b-9868-57a2d4851a1d" relativeResultsDirectory="96e312f7-f5bf-4492-a2b5-ed2df9b28a37">
    </UnitTestResult>
    <UnitTestResult executionId="d8abc4d0-d8bc-40c0-896e-fbe04134c925" testId="50f7f8f5-ef93-68f3-0528-6152cd91b215" testName="IsValidSudoku" computerName="DESKTOP-DBC33GT" duration="00:00:00.0004912" startTime="2019-07-18T19:01:02.7301499-04:00" endTime="2019-07-18T19:01:02.7341472-04:00" testType="13cdc9d9-ddb5-4fa4-a97d-d965ccfc6d4b" outcome="Passed" testListId="8c84fa94-04c1-424b-9868-57a2d4851a1d" relativeResultsDirectory="d8abc4d0-d8bc-40c0-896e-fbe04134c925">
    </UnitTestResult>
    <UnitTestResult executionId="fe27b6d5-71b8-47c0-a33c-e65248d13a25" testId="4b24a9af-2279-5d98-b804-8003644432a4" testName="IsValidSudokuFromService" computerName="DESKTOP-DBC33GT" duration="00:00:00.0025402" startTime="2019-07-18T19:01:02.7471406-04:00" endTime="2019-07-18T19:01:02.7531388-04:00" testType="13cdc9d9-ddb5-4fa4-a97d-d965ccfc6d4b" outcome="Passed" testListId="8c84fa94-04c1-424b-9868-57a2d4851a1d" relativeResultsDirectory="fe27b6d5-71b8-47c0-a33c-e65248d13a25">
    </UnitTestResult>
  </Results>
</TestRun>