<?xml version="1.0" encoding="UTF-8"?>
<TestRun id="630276e2-ccc3-44bf-b77f-2b2c52e6da02" name="Piyush@DESKTOP-DBC33GT 2019-07-18 19:41:39" runUser="DESKTOP-DBC33GT\Piyush" xmlns="http://microsoft.com/schemas/VisualStudio/TeamTest/2010">
  <TestSettings name="Default Test Settings" id="e72dda40-3b16-430f-a11a-88ba31793bb4">
    <Execution>
      <TestTypeSpecific />
      <AgentRule name="Execution Agents">
      </AgentRule>
    </Execution>
    <Deployment runDeploymentRoot="Piyush_DESKTOP-DBC33GT 2019-07-18 19_41_39" />
    <Properties />
  </TestSettings>
  <Times creation="2019-07-18T19:41:39.1006491-04:00" queuing="2019-07-18T19:41:40.5538167-04:00" start="2019-07-18T19:41:40.7027314-04:00" finish="2019-07-18T19:41:41.7321453-04:00" />
  <ResultSummary outcome="Warning">
    <Counters total="4" executed="4" passed="4" error="0" failed="0" timeout="0" aborted="0" inconclusive="0" passedButRunAborted="0" notRunnable="0" notExecuted="0" disconnected="0" warning="0" completed="0" inProgress="0" pending="0" />
    <RunInfos>
      <RunInfo computerName="DESKTOP-DBC33GT" outcome="Warning" timestamp="2019-07-18T19:41:40.5188366-04:00">
        <Text>Warning: Test Run deployment issue: The assembly or module 'WebGrease' directly or indirectly referenced by the test container 'E:\SudokuGenerator\SudokuGenerator\SudokuGenerator.Tests\bin\Debug\sudokugenerator.tests.dll' was not found.</Text>
      </RunInfo>
    </RunInfos>
  </ResultSummary>
  <TestDefinitions>
    <UnitTest name="IsInvalidSudoku" storage="sudokugenerator.tests.dll" id="3ef73c48-ed65-3e45-97c0-ea45ed35b986">
      <Execution id="26e783d8-73dd-41cf-b126-8a6b207d8c79" />
      <TestMethod codeBase="E:/SudokuGenerator/SudokuGenerator/SudokuGenerator.Tests/bin/Debug/SudokuGenerator.Tests.dll" adapterTypeName="Microsoft.VisualStudio.TestTools.TestTypes.Unit.UnitTestAdapter, Microsoft.VisualStudio.QualityTools.Tips.UnitTest.Adapter, Version=15.0.0.0, Culture=neutral, PublicKeyToken=b03f5f7f11d50a3a" className="SudokuGenerator.Tests.Controllers.SudokuControllerTests, SudokuGenerator.Tests, Version=1.0.0.0, Culture=neutral, PublicKeyToken=null" name="IsInvalidSudoku" />
    </UnitTest>
    <UnitTest name="IsValidSudoku" storage="sudokugenerator.tests.dll" id="50f7f8f5-ef93-68f3-0528-6152cd91b215">
      <Execution id="d8c7f54d-a241-4ef7-ac66-b5ef41f955f8" />
      <TestMethod codeBase="E:/SudokuGenerator/SudokuGenerator/SudokuGenerator.Tests/bin/Debug/SudokuGenerator.Tests.dll" adapterTypeName="Microsoft.VisualStudio.TestTools.TestTypes.Unit.UnitTestAdapter, Microsoft.VisualStudio.QualityTools.Tips.UnitTest.Adapter, Version=15.0.0.0, Culture=neutral, PublicKeyToken=b03f5f7f11d50a3a" className="SudokuGenerator.Tests.Controllers.SudokuControllerTests, SudokuGenerator.Tests, Version=1.0.0.0, Culture=neutral, PublicKeyToken=null" name="IsValidSudoku" />
    </UnitTest>
    <UnitTest name="IsvalidSudokuFromService" storage="sudokugenerator.tests.dll" id="efcac092-f282-353a-f000-ab7bc26af9a8">
      <Execution id="8d87aa50-bf1c-46aa-afa8-c04cf87a2de5" />
      <TestMethod codeBase="E:/SudokuGenerator/SudokuGenerator/SudokuGenerator.Tests/bin/Debug/SudokuGenerator.Tests.dll" adapterTypeName="Microsoft.VisualStudio.TestTools.TestTypes.Unit.UnitTestAdapter, Microsoft.VisualStudio.QualityTools.Tips.UnitTest.Adapter, Version=15.0.0.0, Culture=neutral, PublicKeyToken=b03f5f7f11d50a3a" className="SudokuGenerator.Tests.Controllers.SudokuControllerTests, SudokuGenerator.Tests, Version=1.0.0.0, Culture=neutral, PublicKeyToken=null" name="IsvalidSudokuFromService" />
    </UnitTest>
    <UnitTest name="IsInvalidSudokuWithZero" storage="sudokugenerator.tests.dll" id="f7d5bb50-5e53-3c71-dfe7-b3594923c572">
      <Execution id="63a80899-94b6-479b-b94a-610ae8cef8c7" />
      <TestMethod codeBase="E:/SudokuGenerator/SudokuGenerator/SudokuGenerator.Tests/bin/Debug/SudokuGenerator.Tests.dll" adapterTypeName="Microsoft.VisualStudio.TestTools.TestTypes.Unit.UnitTestAdapter, Microsoft.VisualStudio.QualityTools.Tips.UnitTest.Adapter, Version=15.0.0.0, Culture=neutral, PublicKeyToken=b03f5f7f11d50a3a" className="SudokuGenerator.Tests.Controllers.SudokuControllerTests, SudokuGenerator.Tests, Version=1.0.0.0, Culture=neutral, PublicKeyToken=null" name="IsInvalidSudokuWithZero" />
    </UnitTest>
  </TestDefinitions>
  <TestLists>
    <TestList name="Results Not in a List" id="8c84fa94-04c1-424b-9868-57a2d4851a1d" />
    <TestList name="All Loaded Results" id="19431567-8539-422a-85d7-44ee4e166bda" />
  </TestLists>
  <TestEntries>
    <TestEntry testId="3ef73c48-ed65-3e45-97c0-ea45ed35b986" executionId="26e783d8-73dd-41cf-b126-8a6b207d8c79" testListId="8c84fa94-04c1-424b-9868-57a2d4851a1d" />
    <TestEntry testId="f7d5bb50-5e53-3c71-dfe7-b3594923c572" executionId="63a80899-94b6-479b-b94a-610ae8cef8c7" testListId="8c84fa94-04c1-424b-9868-57a2d4851a1d" />
    <TestEntry testId="50f7f8f5-ef93-68f3-0528-6152cd91b215" executionId="d8c7f54d-a241-4ef7-ac66-b5ef41f955f8" testListId="8c84fa94-04c1-424b-9868-57a2d4851a1d" />
    <TestEntry testId="efcac092-f282-353a-f000-ab7bc26af9a8" executionId="8d87aa50-bf1c-46aa-afa8-c04cf87a2de5" testListId="8c84fa94-04c1-424b-9868-57a2d4851a1d" />
  </TestEntries>
  <Results>
    <UnitTestResult executionId="26e783d8-73dd-41cf-b126-8a6b207d8c79" testId="3ef73c48-ed65-3e45-97c0-ea45ed35b986" testName="IsInvalidSudoku" computerName="DESKTOP-DBC33GT" duration="00:00:00.0687500" startTime="2019-07-18T19:41:40.9016168-04:00" endTime="2019-07-18T19:41:41.6152091-04:00" testType="13cdc9d9-ddb5-4fa4-a97d-d965ccfc6d4b" outcome="Passed" testListId="8c84fa94-04c1-424b-9868-57a2d4851a1d" relativeResultsDirectory="26e783d8-73dd-41cf-b126-8a6b207d8c79">
    </UnitTestResult>
    <UnitTestResult executionId="63a80899-94b6-479b-b94a-610ae8cef8c7" testId="f7d5bb50-5e53-3c71-dfe7-b3594923c572" testName="IsInvalidSudokuWithZero" computerName="DESKTOP-DBC33GT" duration="00:00:00.0003373" startTime="2019-07-18T19:41:41.6242043-04:00" endTime="2019-07-18T19:41:41.6312009-04:00" testType="13cdc9d9-ddb5-4fa4-a97d-d965ccfc6d4b" outcome="Passed" testListId="8c84fa94-04c1-424b-9868-57a2d4851a1d" relativeResultsDirectory="63a80899-94b6-479b-b94a-610ae8cef8c7">
    </UnitTestResult>
    <UnitTestResult executionId="d8c7f54d-a241-4ef7-ac66-b5ef41f955f8" testId="50f7f8f5-ef93-68f3-0528-6152cd91b215" testName="IsValidSudoku" computerName="DESKTOP-DBC33GT" duration="00:00:00.0003363" startTime="2019-07-18T19:41:41.6391963-04:00" endTime="2019-07-18T19:41:41.6461943-04:00" testType="13cdc9d9-ddb5-4fa4-a97d-d965ccfc6d4b" outcome="Passed" testListId="8c84fa94-04c1-424b-9868-57a2d4851a1d" relativeResultsDirectory="d8c7f54d-a241-4ef7-ac66-b5ef41f955f8">
    </UnitTestResult>
    <UnitTestResult executionId="8d87aa50-bf1c-46aa-afa8-c04cf87a2de5" testId="efcac092-f282-353a-f000-ab7bc26af9a8" testName="IsvalidSudokuFromService" computerName="DESKTOP-DBC33GT" duration="00:00:00.0026853" startTime="2019-07-18T19:41:41.6551862-04:00" endTime="2019-07-18T19:41:41.6611830-04:00" testType="13cdc9d9-ddb5-4fa4-a97d-d965ccfc6d4b" outcome="Passed" testListId="8c84fa94-04c1-424b-9868-57a2d4851a1d" relativeResultsDirectory="8d87aa50-bf1c-46aa-afa8-c04cf87a2de5">
    </UnitTestResult>
  </Results>
</TestRun>