<?xml version="1.0" encoding="UTF-8"?>
<TestRun id="22c1e351-9fe5-4717-ac34-08d614cc3e93" name="Piyush@DESKTOP-DBC33GT 2019-07-18 19:07:26" runUser="DESKTOP-DBC33GT\Piyush" xmlns="http://microsoft.com/schemas/VisualStudio/TeamTest/2010">
  <TestSettings name="Default Test Settings" id="531e514e-3603-4f16-9fb9-5b9ef85b762f">
    <Execution>
      <TestTypeSpecific />
      <AgentRule name="Execution Agents">
      </AgentRule>
    </Execution>
    <Deployment runDeploymentRoot="Piyush_DESKTOP-DBC33GT 2019-07-18 19_07_26" />
    <Properties />
  </TestSettings>
  <Times creation="2019-07-18T19:07:26.5246062-04:00" queuing="2019-07-18T19:07:27.7519034-04:00" start="2019-07-18T19:07:27.9767751-04:00" finish="2019-07-18T19:07:30.5416445-04:00" />
  <ResultSummary outcome="Warning">
    <Counters total="4" executed="4" passed="4" error="0" failed="0" timeout="0" aborted="0" inconclusive="0" passedButRunAborted="0" notRunnable="0" notExecuted="0" disconnected="0" warning="0" completed="0" inProgress="0" pending="0" />
    <RunInfos>
      <RunInfo computerName="DESKTOP-DBC33GT" outcome="Warning" timestamp="2019-07-18T19:07:27.2591855-04:00">
        <Text>Warning: Test Run deployment issue: The assembly or module 'WebGrease' directly or indirectly referenced by the test container 'E:\Nilam\GitHub_Projects\SudokuGenerator\SudokuGenerator\SudokuGenerator.Tests\bin\Debug\sudokugenerator.tests.dll' was not found.</Text>
      </RunInfo>
    </RunInfos>
  </ResultSummary>
  <TestDefinitions>
    <UnitTest name="IsInValidSudokuWithZero" storage="sudokugenerator.tests.dll" id="ef8ff3f5-34c0-0cab-7598-eb1a749dd3c3">
      <Execution id="ee53491b-e7b5-4a05-83ca-3a3c7fc7fda7" />
      <TestMethod codeBase="E:/Nilam/GitHub_Projects/SudokuGenerator/SudokuGenerator/SudokuGenerator.Tests/bin/Debug/SudokuGenerator.Tests.dll" adapterTypeName="Microsoft.VisualStudio.TestTools.TestTypes.Unit.UnitTestAdapter, Microsoft.VisualStudio.QualityTools.Tips.UnitTest.Adapter, Version=15.0.0.0, Culture=neutral, PublicKeyToken=b03f5f7f11d50a3a" className="SudokuGenerator.Tests.Controllers.SudokuControllerTests, SudokuGenerator.Tests, Version=1.0.0.0, Culture=neutral, PublicKeyToken=null" name="IsInValidSudokuWithZero" />
    </UnitTest>
    <UnitTest name="IsInValidSudoku" storage="sudokugenerator.tests.dll" id="d08d69ac-3ed2-81ef-d2ec-29cab8409bba">
      <Execution id="a288cac4-5d64-4599-9340-53157050925b" />
      <TestMethod codeBase="E:/Nilam/GitHub_Projects/SudokuGenerator/SudokuGenerator/SudokuGenerator.Tests/bin/Debug/SudokuGenerator.Tests.dll" adapterTypeName="Microsoft.VisualStudio.TestTools.TestTypes.Unit.UnitTestAdapter, Microsoft.VisualStudio.QualityTools.Tips.UnitTest.Adapter, Version=15.0.0.0, Culture=neutral, PublicKeyToken=b03f5f7f11d50a3a" className="SudokuGenerator.Tests.Controllers.SudokuControllerTests, SudokuGenerator.Tests, Version=1.0.0.0, Culture=neutral, PublicKeyToken=null" name="IsInValidSudoku" />
    </UnitTest>
    <UnitTest name="IsValidSudokuFromService" storage="sudokugenerator.tests.dll" id="4b24a9af-2279-5d98-b804-8003644432a4">
      <Execution id="cb9e2d0a-ae93-485b-8316-c9f5fb1b3014" />
      <TestMethod codeBase="E:/Nilam/GitHub_Projects/SudokuGenerator/SudokuGenerator/SudokuGenerator.Tests/bin/Debug/SudokuGenerator.Tests.dll" adapterTypeName="Microsoft.VisualStudio.TestTools.TestTypes.Unit.UnitTestAdapter, Microsoft.VisualStudio.QualityTools.Tips.UnitTest.Adapter, Version=15.0.0.0, Culture=neutral, PublicKeyToken=b03f5f7f11d50a3a" className="SudokuGenerator.Tests.Controllers.SudokuControllerTests, SudokuGenerator.Tests, Version=1.0.0.0, Culture=neutral, PublicKeyToken=null" name="IsValidSudokuFromService" />
    </UnitTest>
    <UnitTest name="IsValidSudoku" storage="sudokugenerator.tests.dll" id="50f7f8f5-ef93-68f3-0528-6152cd91b215">
      <Execution id="b90682c0-4bf1-41fc-8b9a-568d000ef6d0" />
      <TestMethod codeBase="E:/Nilam/GitHub_Projects/SudokuGenerator/SudokuGenerator/SudokuGenerator.Tests/bin/Debug/SudokuGenerator.Tests.dll" adapterTypeName="Microsoft.VisualStudio.TestTools.TestTypes.Unit.UnitTestAdapter, Microsoft.VisualStudio.QualityTools.Tips.UnitTest.Adapter, Version=15.0.0.0, Culture=neutral, PublicKeyToken=b03f5f7f11d50a3a" className="SudokuGenerator.Tests.Controllers.SudokuControllerTests, SudokuGenerator.Tests, Version=1.0.0.0, Culture=neutral, PublicKeyToken=null" name="IsValidSudoku" />
    </UnitTest>
  </TestDefinitions>
  <TestLists>
    <TestList name="Results Not in a List" id="8c84fa94-04c1-424b-9868-57a2d4851a1d" />
    <TestList name="All Loaded Results" id="19431567-8539-422a-85d7-44ee4e166bda" />
  </TestLists>
  <TestEntries>
    <TestEntry testId="d08d69ac-3ed2-81ef-d2ec-29cab8409bba" executionId="a288cac4-5d64-4599-9340-53157050925b" testListId="8c84fa94-04c1-424b-9868-57a2d4851a1d" />
    <TestEntry testId="ef8ff3f5-34c0-0cab-7598-eb1a749dd3c3" executionId="ee53491b-e7b5-4a05-83ca-3a3c7fc7fda7" testListId="8c84fa94-04c1-424b-9868-57a2d4851a1d" />
    <TestEntry testId="50f7f8f5-ef93-68f3-0528-6152cd91b215" executionId="b90682c0-4bf1-41fc-8b9a-568d000ef6d0" testListId="8c84fa94-04c1-424b-9868-57a2d4851a1d" />
    <TestEntry testId="4b24a9af-2279-5d98-b804-8003644432a4" executionId="cb9e2d0a-ae93-485b-8316-c9f5fb1b3014" testListId="8c84fa94-04c1-424b-9868-57a2d4851a1d" />
  </TestEntries>
  <Results>
    <UnitTestResult executionId="a288cac4-5d64-4599-9340-53157050925b" testId="d08d69ac-3ed2-81ef-d2ec-29cab8409bba" testName="IsInValidSudoku" computerName="DESKTOP-DBC33GT" duration="00:00:00.4741937" startTime="2019-07-18T19:07:28.2736046-04:00" endTime="2019-07-18T19:07:30.3127760-04:00" testType="13cdc9d9-ddb5-4fa4-a97d-d965ccfc6d4b" outcome="Passed" testListId="8c84fa94-04c1-424b-9868-57a2d4851a1d" relativeResultsDirectory="a288cac4-5d64-4599-9340-53157050925b">
    </UnitTestResult>
    <UnitTestResult executionId="ee53491b-e7b5-4a05-83ca-3a3c7fc7fda7" testId="ef8ff3f5-34c0-0cab-7598-eb1a749dd3c3" testName="IsInValidSudokuWithZero" computerName="DESKTOP-DBC33GT" duration="00:00:00.0031579" startTime="2019-07-18T19:07:30.3347637-04:00" endTime="2019-07-18T19:07:30.3457570-04:00" testType="13cdc9d9-ddb5-4fa4-a97d-d965ccfc6d4b" outcome="Passed" testListId="8c84fa94-04c1-424b-9868-57a2d4851a1d" relativeResultsDirectory="ee53491b-e7b5-4a05-83ca-3a3c7fc7fda7">
    </UnitTestResult>
    <UnitTestResult executionId="b90682c0-4bf1-41fc-8b9a-568d000ef6d0" testId="50f7f8f5-ef93-68f3-0528-6152cd91b215" testName="IsValidSudoku" computerName="DESKTOP-DBC33GT" duration="00:00:00.0013786" startTime="2019-07-18T19:07:30.3587490-04:00" endTime="2019-07-18T19:07:30.3707431-04:00" testType="13cdc9d9-ddb5-4fa4-a97d-d965ccfc6d4b" outcome="Passed" testListId="8c84fa94-04c1-424b-9868-57a2d4851a1d" relativeResultsDirectory="b90682c0-4bf1-41fc-8b9a-568d000ef6d0">
    </UnitTestResult>
    <UnitTestResult executionId="cb9e2d0a-ae93-485b-8316-c9f5fb1b3014" testId="4b24a9af-2279-5d98-b804-8003644432a4" testName="IsValidSudokuFromService" computerName="DESKTOP-DBC33GT" duration="00:00:00.0122735" startTime="2019-07-18T19:07:30.3937305-04:00" endTime="2019-07-18T19:07:30.4157172-04:00" testType="13cdc9d9-ddb5-4fa4-a97d-d965ccfc6d4b" outcome="Passed" testListId="8c84fa94-04c1-424b-9868-57a2d4851a1d" relativeResultsDirectory="cb9e2d0a-ae93-485b-8316-c9f5fb1b3014">
    </UnitTestResult>
  </Results>
</TestRun>