<?xml version="1.0" encoding="UTF-8"?>
<TestRun id="6f901e20-773a-4730-a088-ef9471ccb904" name="Piyush@DESKTOP-DBC33GT 2019-07-18 19:25:21" runUser="DESKTOP-DBC33GT\Piyush" xmlns="http://microsoft.com/schemas/VisualStudio/TeamTest/2010">
  <TestSettings name="Default Test Settings" id="abc3373c-fef7-4adc-9fdc-595c8a0dd558">
    <Execution>
      <TestTypeSpecific />
      <AgentRule name="Execution Agents">
      </AgentRule>
    </Execution>
    <Deployment runDeploymentRoot="Piyush_DESKTOP-DBC33GT 2019-07-18 19_25_21" />
    <Properties />
  </TestSettings>
  <Times creation="2019-07-18T19:25:21.2209994-04:00" queuing="2019-07-18T19:25:22.3693407-04:00" start="2019-07-18T19:25:22.6291915-04:00" finish="2019-07-18T19:25:23.9834152-04:00" />
  <ResultSummary outcome="Warning">
    <Counters total="4" executed="4" passed="4" error="0" failed="0" timeout="0" aborted="0" inconclusive="0" passedButRunAborted="0" notRunnable="0" notExecuted="0" disconnected="0" warning="0" completed="0" inProgress="0" pending="0" />
    <RunInfos>
      <RunInfo computerName="DESKTOP-DBC33GT" outcome="Warning" timestamp="2019-07-18T19:25:22.0015507-04:00">
        <Text>Warning: Test Run deployment issue: The assembly or module 'WebGrease' directly or indirectly referenced by the test container 'E:\Nilam\GitHub_Projects\SudokuGenerator\SudokuGenerator\SudokuGenerator.Tests\bin\Debug\sudokugenerator.tests.dll' was not found.</Text>
      </RunInfo>
    </RunInfos>
  </ResultSummary>
  <TestDefinitions>
    <UnitTest name="IsInvalidSudoku" storage="sudokugenerator.tests.dll" id="3ef73c48-ed65-3e45-97c0-ea45ed35b986">
      <Execution id="70655809-20ea-4772-89a1-1a7989a10e3b" />
      <TestMethod codeBase="E:/Nilam/GitHub_Projects/SudokuGenerator/SudokuGenerator/SudokuGenerator.Tests/bin/Debug/SudokuGenerator.Tests.dll" adapterTypeName="Microsoft.VisualStudio.TestTools.TestTypes.Unit.UnitTestAdapter, Microsoft.VisualStudio.QualityTools.Tips.UnitTest.Adapter, Version=15.0.0.0, Culture=neutral, PublicKeyToken=b03f5f7f11d50a3a" className="SudokuGenerator.Tests.Controllers.SudokuControllerTests, SudokuGenerator.Tests, Version=1.0.0.0, Culture=neutral, PublicKeyToken=null" name="IsInvalidSudoku" />
    </UnitTest>
    <UnitTest name="IsValidSudoku" storage="sudokugenerator.tests.dll" id="50f7f8f5-ef93-68f3-0528-6152cd91b215">
      <Execution id="9c05addc-c83f-4892-a6f9-a310359f3265" />
      <TestMethod codeBase="E:/Nilam/GitHub_Projects/SudokuGenerator/SudokuGenerator/SudokuGenerator.Tests/bin/Debug/SudokuGenerator.Tests.dll" adapterTypeName="Microsoft.VisualStudio.TestTools.TestTypes.Unit.UnitTestAdapter, Microsoft.VisualStudio.QualityTools.Tips.UnitTest.Adapter, Version=15.0.0.0, Culture=neutral, PublicKeyToken=b03f5f7f11d50a3a" className="SudokuGenerator.Tests.Controllers.SudokuControllerTests, SudokuGenerator.Tests, Version=1.0.0.0, Culture=neutral, PublicKeyToken=null" name="IsValidSudoku" />
    </UnitTest>
    <UnitTest name="IsvalidSudokuFromService" storage="sudokugenerator.tests.dll" id="efcac092-f282-353a-f000-ab7bc26af9a8">
      <Execution id="8728906e-a6ff-47e3-8071-1b21e46a4c03" />
      <TestMethod codeBase="E:/Nilam/GitHub_Projects/SudokuGenerator/SudokuGenerator/SudokuGenerator.Tests/bin/Debug/SudokuGenerator.Tests.dll" adapterTypeName="Microsoft.VisualStudio.TestTools.TestTypes.Unit.UnitTestAdapter, Microsoft.VisualStudio.QualityTools.Tips.UnitTest.Adapter, Version=15.0.0.0, Culture=neutral, PublicKeyToken=b03f5f7f11d50a3a" className="SudokuGenerator.Tests.Controllers.SudokuControllerTests, SudokuGenerator.Tests, Version=1.0.0.0, Culture=neutral, PublicKeyToken=null" name="IsvalidSudokuFromService" />
    </UnitTest>
    <UnitTest name="IsInvalidSudokuWithZero" storage="sudokugenerator.tests.dll" id="f7d5bb50-5e53-3c71-dfe7-b3594923c572">
      <Execution id="86d8e235-18c4-4926-b4a7-578cc3e39dee" />
      <TestMethod codeBase="E:/Nilam/GitHub_Projects/SudokuGenerator/SudokuGenerator/SudokuGenerator.Tests/bin/Debug/SudokuGenerator.Tests.dll" adapterTypeName="Microsoft.VisualStudio.TestTools.TestTypes.Unit.UnitTestAdapter, Microsoft.VisualStudio.QualityTools.Tips.UnitTest.Adapter, Version=15.0.0.0, Culture=neutral, PublicKeyToken=b03f5f7f11d50a3a" className="SudokuGenerator.Tests.Controllers.SudokuControllerTests, SudokuGenerator.Tests, Version=1.0.0.0, Culture=neutral, PublicKeyToken=null" name="IsInvalidSudokuWithZero" />
    </UnitTest>
  </TestDefinitions>
  <TestLists>
    <TestList name="Results Not in a List" id="8c84fa94-04c1-424b-9868-57a2d4851a1d" />
    <TestList name="All Loaded Results" id="19431567-8539-422a-85d7-44ee4e166bda" />
  </TestLists>
  <TestEntries>
    <TestEntry testId="3ef73c48-ed65-3e45-97c0-ea45ed35b986" executionId="70655809-20ea-4772-89a1-1a7989a10e3b" testListId="8c84fa94-04c1-424b-9868-57a2d4851a1d" />
    <TestEntry testId="f7d5bb50-5e53-3c71-dfe7-b3594923c572" executionId="86d8e235-18c4-4926-b4a7-578cc3e39dee" testListId="8c84fa94-04c1-424b-9868-57a2d4851a1d" />
    <TestEntry testId="50f7f8f5-ef93-68f3-0528-6152cd91b215" executionId="9c05addc-c83f-4892-a6f9-a310359f3265" testListId="8c84fa94-04c1-424b-9868-57a2d4851a1d" />
    <TestEntry testId="efcac092-f282-353a-f000-ab7bc26af9a8" executionId="8728906e-a6ff-47e3-8071-1b21e46a4c03" testListId="8c84fa94-04c1-424b-9868-57a2d4851a1d" />
  </TestEntries>
  <Results>
    <UnitTestResult executionId="70655809-20ea-4772-89a1-1a7989a10e3b" testId="3ef73c48-ed65-3e45-97c0-ea45ed35b986" testName="IsInvalidSudoku" computerName="DESKTOP-DBC33GT" duration="00:00:00.0982292" startTime="2019-07-18T19:25:22.8640558-04:00" endTime="2019-07-18T19:25:23.8414971-04:00" testType="13cdc9d9-ddb5-4fa4-a97d-d965ccfc6d4b" outcome="Passed" testListId="8c84fa94-04c1-424b-9868-57a2d4851a1d" relativeResultsDirectory="70655809-20ea-4772-89a1-1a7989a10e3b">
    </UnitTestResult>
    <UnitTestResult executionId="86d8e235-18c4-4926-b4a7-578cc3e39dee" testId="f7d5bb50-5e53-3c71-dfe7-b3594923c572" testName="IsInvalidSudokuWithZero" computerName="DESKTOP-DBC33GT" duration="00:00:00.0003391" startTime="2019-07-18T19:25:23.8514912-04:00" endTime="2019-07-18T19:25:23.8594875-04:00" testType="13cdc9d9-ddb5-4fa4-a97d-d965ccfc6d4b" outcome="Passed" testListId="8c84fa94-04c1-424b-9868-57a2d4851a1d" relativeResultsDirectory="86d8e235-18c4-4926-b4a7-578cc3e39dee">
    </UnitTestResult>
    <UnitTestResult executionId="9c05addc-c83f-4892-a6f9-a310359f3265" testId="50f7f8f5-ef93-68f3-0528-6152cd91b215" testName="IsValidSudoku" computerName="DESKTOP-DBC33GT" duration="00:00:00.0009759" startTime="2019-07-18T19:25:23.8694820-04:00" endTime="2019-07-18T19:25:23.8774765-04:00" testType="13cdc9d9-ddb5-4fa4-a97d-d965ccfc6d4b" outcome="Passed" testListId="8c84fa94-04c1-424b-9868-57a2d4851a1d" relativeResultsDirectory="9c05addc-c83f-4892-a6f9-a310359f3265">
    </UnitTestResult>
    <UnitTestResult executionId="8728906e-a6ff-47e3-8071-1b21e46a4c03" testId="efcac092-f282-353a-f000-ab7bc26af9a8" testName="IsvalidSudokuFromService" computerName="DESKTOP-DBC33GT" duration="00:00:00.0028565" startTime="2019-07-18T19:25:23.8874738-04:00" endTime="2019-07-18T19:25:23.8984663-04:00" testType="13cdc9d9-ddb5-4fa4-a97d-d965ccfc6d4b" outcome="Passed" testListId="8c84fa94-04c1-424b-9868-57a2d4851a1d" relativeResultsDirectory="8728906e-a6ff-47e3-8071-1b21e46a4c03">
    </UnitTestResult>
  </Results>
</TestRun>